# JRE version: OpenJDK Runtime Environment (15.0.2+7) (build 15.0.2+7-27)
# Java VM: OpenJDK 64-Bit Server VM (15.0.2+7-27, mixed mode, tiered, compressed oops, g1 gc, windows-amd64)
GC Precious Log:
 CPUs: 8 total, 8 available
 Memory: 16304M
 Large Page Support: Disabled
 NUMA Support: Disabled
 Compressed Oops: Enabled (Zero based)
 Heap Region Size: 2M
 Heap Min Capacity: 8M
 Heap Initial Capacity: 256M
 Heap Max Capacity: 4078M
 Pre-touch: Disabled
 Parallel Workers: 8
 Concurrent Workers: 2
 Concurrent Refinement Workers: 8
 Periodic GC: Disabled
Heap:
 garbage-first heap   total 65536K, used 15995K [0x0000000701200000, 0x0000000800000000)
  region size 2048K, 2 young (4096K), 2 survivors (4096K)
 Metaspace       used 35694K, capacity 36087K, committed 36220K, reserved 1081344K
  class space    used 4297K, capacity 4452K, committed 4480K, reserved 1048576K
GC Heap History (20 events):
Event: 25.236 GC heap before
{Heap before GC invocations=1 (full 0):
 garbage-first heap   total 262144K, used 28927K [0x0000000701200000, 0x0000000800000000)
  region size 2048K, 13 young (26624K), 2 survivors (4096K)
 Metaspace       used 17756K, capacity 18066K, committed 18304K, reserved 1064960K
  class space    used 1824K, capacity 1904K, committed 1920K, reserved 1048576K
}
Event: 25.240 GC heap after
{Heap after GC invocations=2 (full 0):
 garbage-first heap   total 262144K, used 7816K [0x0000000701200000, 0x0000000800000000)
  region size 2048K, 1 young (2048K), 1 survivors (2048K)
 Metaspace       used 17756K, capacity 18066K, committed 18304K, reserved 1064960K
  class space    used 1824K, capacity 1904K, committed 1920K, reserved 1048576K
}
Event: 26.939 GC heap before
{Heap before GC invocations=2 (full 0):
 garbage-first heap   total 262144K, used 32392K [0x0000000701200000, 0x0000000800000000)
  region size 2048K, 14 young (28672K), 1 survivors (2048K)
 Metaspace       used 20735K, capacity 21013K, committed 21248K, reserved 1069056K
  class space    used 2219K, capacity 2287K, committed 2304K, reserved 1048576K
}
Event: 26.943 GC heap after
{Heap after GC invocations=3 (full 0):
 garbage-first heap   total 262144K, used 8876K [0x0000000701200000, 0x0000000800000000)
  region size 2048K, 2 young (4096K), 2 survivors (4096K)
 Metaspace       used 20735K, capacity 21013K, committed 21248K, reserved 1069056K
  class space    used 2219K, capacity 2287K, committed 2304K, reserved 1048576K
}
Event: 28.123 GC heap before
{Heap before GC invocations=4 (full 0):
 garbage-first heap   total 61440K, used 58028K [0x0000000701200000, 0x0000000800000000)
  region size 2048K, 26 young (53248K), 2 survivors (4096K)
 Metaspace       used 25161K, capacity 25539K, committed 25724K, reserved 1073152K
  class space    used 2755K, capacity 2877K, committed 2944K, reserved 1048576K
}
Event: 28.127 GC heap after
{Heap after GC invocations=5 (full 0):
 garbage-first heap   total 65536K, used 9647K [0x0000000701200000, 0x0000000800000000)
  region size 2048K, 2 young (4096K), 2 survivors (4096K)
 Metaspace       used 25161K, capacity 25539K, committed 25724K, reserved 1073152K
  class space    used 2755K, capacity 2877K, committed 2944K, reserved 1048576K
}
Event: 38.284 GC heap before
{Heap before GC invocations=5 (full 0):
 garbage-first heap   total 65536K, used 42415K [0x0000000701200000, 0x0000000800000000)
  region size 2048K, 19 young (38912K), 2 survivors (4096K)
 Metaspace       used 28015K, capacity 28340K, committed 28668K, reserved 1075200K
  class space    used 3168K, capacity 3276K, committed 3328K, reserved 1048576K
}
Event: 38.290 GC heap after
{Heap after GC invocations=6 (full 0):
 garbage-first heap   total 65536K, used 10497K [0x0000000701200000, 0x0000000800000000)
  region size 2048K, 2 young (4096K), 2 survivors (4096K)
 Metaspace       used 28015K, capacity 28340K, committed 28668K, reserved 1075200K
  class space    used 3168K, capacity 3276K, committed 3328K, reserved 1048576K
}
Event: 39.194 GC heap before
{Heap before GC invocations=6 (full 0):
 garbage-first heap   total 65536K, used 43265K [0x0000000701200000, 0x0000000800000000)
  region size 2048K, 19 young (38912K), 2 survivors (4096K)
 Metaspace       used 28184K, capacity 28500K, committed 28668K, reserved 1075200K
  class space    used 3194K, capacity 3308K, committed 3328K, reserved 1048576K
}
Event: 39.200 GC heap after
{Heap after GC invocations=7 (full 0):
 garbage-first heap   total 65536K, used 11480K [0x0000000701200000, 0x0000000800000000)
  region size 2048K, 2 young (4096K), 2 survivors (4096K)
 Metaspace       used 28184K, capacity 28500K, committed 28668K, reserved 1075200K
  class space    used 3194K, capacity 3308K, committed 3328K, reserved 1048576K
}
Event: 39.683 GC heap before
{Heap before GC invocations=7 (full 0):
 garbage-first heap   total 65536K, used 44248K [0x0000000701200000, 0x0000000800000000)
  region size 2048K, 19 young (38912K), 2 survivors (4096K)
 Metaspace       used 29053K, capacity 29463K, committed 29564K, reserved 1075200K
  class space    used 3290K, capacity 3437K, committed 3456K, reserved 1048576K
}
Event: 39.690 GC heap after
{Heap after GC invocations=8 (full 0):
 garbage-first heap   total 65536K, used 12269K [0x0000000701200000, 0x0000000800000000)
  region size 2048K, 2 young (4096K), 2 survivors (4096K)
 Metaspace       used 29053K, capacity 29463K, committed 29564K, reserved 1075200K
  class space    used 3290K, capacity 3437K, committed 3456K, reserved 1048576K
}
Event: 42.757 GC heap before
{Heap before GC invocations=8 (full 0):
 garbage-first heap   total 65536K, used 45037K [0x0000000701200000, 0x0000000800000000)
  region size 2048K, 19 young (38912K), 2 survivors (4096K)
 Metaspace       used 30870K, capacity 31225K, committed 31484K, reserved 1077248K
  class space    used 3544K, capacity 3719K, committed 3840K, reserved 1048576K
}
Event: 42.766 GC heap after
{Heap after GC invocations=9 (full 0):
 garbage-first heap   total 65536K, used 12875K [0x0000000701200000, 0x0000000800000000)
  region size 2048K, 2 young (4096K), 2 survivors (4096K)
 Metaspace       used 30870K, capacity 31225K, committed 31484K, reserved 1077248K
  class space    used 3544K, capacity 3719K, committed 3840K, reserved 1048576K
}
Event: 48.811 GC heap before
{Heap before GC invocations=9 (full 0):
 garbage-first heap   total 65536K, used 47691K [0x0000000701200000, 0x0000000800000000)
  region size 2048K, 19 young (38912K), 2 survivors (4096K)
 Metaspace       used 33399K, capacity 33786K, committed 34044K, reserved 1079296K
  class space    used 3912K, capacity 4080K, committed 4096K, reserved 1048576K
}
Event: 48.821 GC heap after
{Heap after GC invocations=10 (full 0):
 garbage-first heap   total 65536K, used 13796K [0x0000000701200000, 0x0000000800000000)
  region size 2048K, 2 young (4096K), 2 survivors (4096K)
 Metaspace       used 33399K, capacity 33786K, committed 34044K, reserved 1079296K
  class space    used 3912K, capacity 4080K, committed 4096K, reserved 1048576K
}
Event: 52.159 GC heap before
{Heap before GC invocations=10 (full 0):
 garbage-first heap   total 65536K, used 38372K [0x0000000701200000, 0x0000000800000000)
  region size 2048K, 15 young (30720K), 2 survivors (4096K)
 Metaspace       used 35505K, capacity 35895K, committed 35964K, reserved 1081344K
  class space    used 4264K, capacity 4452K, committed 4480K, reserved 1048576K
}
Event: 52.172 GC heap after
{Heap after GC invocations=11 (full 0):
 garbage-first heap   total 65536K, used 15345K [0x0000000701200000, 0x0000000800000000)
  region size 2048K, 3 young (6144K), 3 survivors (6144K)
 Metaspace       used 35505K, capacity 35895K, committed 35964K, reserved 1081344K
  class space    used 4264K, capacity 4452K, committed 4480K, reserved 1048576K
}
Event: 52.936 GC heap before
{Heap before GC invocations=12 (full 0):
 garbage-first heap   total 65536K, used 17393K [0x0000000701200000, 0x0000000800000000)
  region size 2048K, 5 young (10240K), 3 survivors (6144K)
 Metaspace       used 35694K, capacity 36087K, committed 36220K, reserved 1081344K
  class space    used 4297K, capacity 4452K, committed 4480K, reserved 1048576K
}
Event: 52.947 GC heap after
{Heap after GC invocations=13 (full 0):
 garbage-first heap   total 65536K, used 15995K [0x0000000701200000, 0x0000000800000000)
  region size 2048K, 2 young (4096K), 2 survivors (4096K)
 Metaspace       used 35694K, capacity 36087K, committed 36220K, reserved 1081344K
  class space    used 4297K, capacity 4452K, committed 4480K, reserved 1048576K
}

