# JRE version: OpenJDK Runtime Environment (15.0.2+7) (build 15.0.2+7-27)
# Java VM: OpenJDK 64-Bit Server VM (15.0.2+7-27, mixed mode, tiered, compressed oops, g1 gc, windows-amd64)
GC Precious Log:
 CPUs: 8 total, 8 available
 Memory: 16304M
 Large Page Support: Disabled
 NUMA Support: Disabled
 Compressed Oops: Enabled (Zero based)
 Heap Region Size: 2M
 Heap Min Capacity: 8M
 Heap Initial Capacity: 256M
 Heap Max Capacity: 4078M
 Pre-touch: Disabled
 Parallel Workers: 8
 Concurrent Workers: 2
 Concurrent Refinement Workers: 8
 Periodic GC: Disabled
Heap:
 garbage-first heap   total 49152K, used 17027K [0x0000000701200000, 0x0000000800000000)
  region size 2048K, 7 young (14336K), 2 survivors (4096K)
 Metaspace       used 21534K, capacity 21860K, committed 22192K, reserved 1073152K
  class space    used 2387K, capacity 2484K, committed 2560K, reserved 1048576K
GC Heap History (6 events):
Event: 17.361 GC heap before
{Heap before GC invocations=0 (full 0):
 garbage-first heap   total 262144K, used 20480K [0x0000000701200000, 0x0000000800000000)
  region size 2048K, 11 young (22528K), 0 survivors (0K)
 Metaspace       used 14595K, capacity 14794K, committed 14848K, reserved 1062912K
  class space    used 1433K, capacity 1512K, committed 1536K, reserved 1048576K
}
Event: 17.633 GC heap after
{Heap after GC invocations=1 (full 0):
 garbage-first heap   total 262144K, used 6406K [0x0000000701200000, 0x0000000800000000)
  region size 2048K, 2 young (4096K), 2 survivors (4096K)
 Metaspace       used 14595K, capacity 14794K, committed 14848K, reserved 1062912K
  class space    used 1433K, capacity 1512K, committed 1536K, reserved 1048576K
}
Event: 21.268 GC heap before
{Heap before GC invocations=1 (full 0):
 garbage-first heap   total 262144K, used 26886K [0x0000000701200000, 0x0000000800000000)
  region size 2048K, 12 young (24576K), 2 survivors (4096K)
 Metaspace       used 17572K, capacity 17874K, committed 18048K, reserved 1064960K
  class space    used 1802K, capacity 1904K, committed 1920K, reserved 1048576K
}
Event: 21.272 GC heap after
{Heap after GC invocations=2 (full 0):
 garbage-first heap   total 262144K, used 7922K [0x0000000701200000, 0x0000000800000000)
  region size 2048K, 1 young (2048K), 1 survivors (2048K)
 Metaspace       used 17572K, capacity 17874K, committed 18048K, reserved 1064960K
  class space    used 1802K, capacity 1904K, committed 1920K, reserved 1048576K
}
Event: 24.654 GC heap before
{Heap before GC invocations=2 (full 0):
 garbage-first heap   total 262144K, used 34546K [0x0000000701200000, 0x0000000800000000)
  region size 2048K, 15 young (30720K), 1 survivors (2048K)
 Metaspace       used 20882K, capacity 21182K, committed 21296K, reserved 1069056K
  class space    used 2270K, capacity 2386K, committed 2432K, reserved 1048576K
}
Event: 24.657 GC heap after
{Heap after GC invocations=3 (full 0):
 garbage-first heap   total 262144K, used 8835K [0x0000000701200000, 0x0000000800000000)
  region size 2048K, 2 young (4096K), 2 survivors (4096K)
 Metaspace       used 20882K, capacity 21182K, committed 21296K, reserved 1069056K
  class space    used 2270K, capacity 2386K, committed 2432K, reserved 1048576K
}

