# JRE version: OpenJDK Runtime Environment (15.0.2+7) (build 15.0.2+7-27)
# Java VM: OpenJDK 64-Bit Server VM (15.0.2+7-27, mixed mode, tiered, compressed oops, g1 gc, windows-amd64)
GC Precious Log:
 CPUs: 8 total, 8 available
 Memory: 16304M
 Large Page Support: Disabled
 NUMA Support: Disabled
 Compressed Oops: Enabled (Zero based)
 Heap Region Size: 2M
 Heap Min Capacity: 8M
 Heap Initial Capacity: 256M
 Heap Max Capacity: 4078M
 Pre-touch: Disabled
 Parallel Workers: 8
 Concurrent Workers: 2
 Concurrent Refinement Workers: 8
 Periodic GC: Disabled
Heap:
 garbage-first heap   total 53248K, used 15874K [0x0000000701200000, 0x0000000800000000)
  region size 2048K, 2 young (4096K), 2 survivors (4096K)
 Metaspace       used 35397K, capacity 35799K, committed 35888K, reserved 1083392K
  class space    used 4246K, capacity 4420K, committed 4480K, reserved 1048576K
GC Heap History (20 events):
Event: 41.669 GC heap before
{Heap before GC invocations=4 (full 0):
 garbage-first heap   total 49152K, used 45908K [0x0000000701200000, 0x0000000800000000)
  region size 2048K, 20 young (40960K), 2 survivors (4096K)
 Metaspace       used 24168K, capacity 24515K, committed 24752K, reserved 1073152K
  class space    used 2645K, capacity 2749K, committed 2816K, reserved 1048576K
}
Event: 41.673 GC heap after
{Heap after GC invocations=5 (full 0):
 garbage-first heap   total 53248K, used 9661K [0x0000000701200000, 0x0000000800000000)
  region size 2048K, 2 young (4096K), 2 survivors (4096K)
 Metaspace       used 24168K, capacity 24515K, committed 24752K, reserved 1073152K
  class space    used 2645K, capacity 2749K, committed 2816K, reserved 1048576K
}
Event: 50.071 GC heap before
{Heap before GC invocations=5 (full 0):
 garbage-first heap   total 53248K, used 32189K [0x0000000701200000, 0x0000000800000000)
  region size 2048K, 14 young (28672K), 2 survivors (4096K)
 Metaspace       used 26236K, capacity 26518K, committed 26800K, reserved 1073152K
  class space    used 2922K, capacity 3014K, committed 3072K, reserved 1048576K
}
Event: 50.075 GC heap after
{Heap after GC invocations=6 (full 0):
 garbage-first heap   total 53248K, used 9865K [0x0000000701200000, 0x0000000800000000)
  region size 2048K, 1 young (2048K), 1 survivors (2048K)
 Metaspace       used 26236K, capacity 26518K, committed 26800K, reserved 1073152K
  class space    used 2922K, capacity 3014K, committed 3072K, reserved 1048576K
}
Event: 51.999 GC heap before
{Heap before GC invocations=6 (full 0):
 garbage-first heap   total 53248K, used 36489K [0x0000000701200000, 0x0000000800000000)
  region size 2048K, 14 young (28672K), 1 survivors (2048K)
 Metaspace       used 27987K, capacity 28340K, committed 28592K, reserved 1075200K
  class space    used 3168K, capacity 3276K, committed 3328K, reserved 1048576K
}
Event: 52.006 GC heap after
{Heap after GC invocations=7 (full 0):
 garbage-first heap   total 53248K, used 10644K [0x0000000701200000, 0x0000000800000000)
  region size 2048K, 2 young (4096K), 2 survivors (4096K)
 Metaspace       used 27987K, capacity 28340K, committed 28592K, reserved 1075200K
  class space    used 3168K, capacity 3276K, committed 3328K, reserved 1048576K
}
Event: 52.616 GC heap before
{Heap before GC invocations=7 (full 0):
 garbage-first heap   total 53248K, used 33172K [0x0000000701200000, 0x0000000800000000)
  region size 2048K, 14 young (28672K), 2 survivors (4096K)
 Metaspace       used 28196K, capacity 28532K, committed 28720K, reserved 1075200K
  class space    used 3203K, capacity 3340K, committed 3456K, reserved 1048576K
}
Event: 52.620 GC heap after
{Heap after GC invocations=8 (full 0):
 garbage-first heap   total 53248K, used 11595K [0x0000000701200000, 0x0000000800000000)
  region size 2048K, 2 young (4096K), 2 survivors (4096K)
 Metaspace       used 28196K, capacity 28532K, committed 28720K, reserved 1075200K
  class space    used 3203K, capacity 3340K, committed 3456K, reserved 1048576K
}
Event: 52.625 GC heap before
{Heap before GC invocations=8 (full 0):
 garbage-first heap   total 53248K, used 36171K [0x0000000701200000, 0x0000000800000000)
  region size 2048K, 15 young (30720K), 2 survivors (4096K)
 Metaspace       used 28205K, capacity 28564K, committed 28720K, reserved 1075200K
  class space    used 3204K, capacity 3372K, committed 3456K, reserved 1048576K
}
Event: 52.628 GC heap after
{Heap after GC invocations=9 (full 0):
 garbage-first heap   total 53248K, used 11475K [0x0000000701200000, 0x0000000800000000)
  region size 2048K, 1 young (2048K), 1 survivors (2048K)
 Metaspace       used 28205K, capacity 28564K, committed 28720K, reserved 1075200K
  class space    used 3204K, capacity 3372K, committed 3456K, reserved 1048576K
}
Event: 53.410 GC heap before
{Heap before GC invocations=9 (full 0):
 garbage-first heap   total 53248K, used 36051K [0x0000000701200000, 0x0000000800000000)
  region size 2048K, 14 young (28672K), 1 survivors (2048K)
 Metaspace       used 29860K, capacity 30249K, committed 30384K, reserved 1077248K
  class space    used 3404K, capacity 3548K, committed 3584K, reserved 1048576K
}
Event: 53.415 GC heap after
{Heap after GC invocations=10 (full 0):
 garbage-first heap   total 53248K, used 12577K [0x0000000701200000, 0x0000000800000000)
  region size 2048K, 2 young (4096K), 2 survivors (4096K)
 Metaspace       used 29860K, capacity 30249K, committed 30384K, reserved 1077248K
  class space    used 3404K, capacity 3548K, committed 3584K, reserved 1048576K
}
Event: 56.505 GC heap before
{Heap before GC invocations=10 (full 0):
 garbage-first heap   total 53248K, used 37153K [0x0000000701200000, 0x0000000800000000)
  region size 2048K, 14 young (28672K), 2 survivors (4096K)
 Metaspace       used 31125K, capacity 31537K, committed 31664K, reserved 1077248K
  class space    used 3586K, capacity 3758K, committed 3840K, reserved 1048576K
}
Event: 56.513 GC heap after
{Heap after GC invocations=11 (full 0):
 garbage-first heap   total 53248K, used 12864K [0x0000000701200000, 0x0000000800000000)
  region size 2048K, 2 young (4096K), 2 survivors (4096K)
 Metaspace       used 31125K, capacity 31537K, committed 31664K, reserved 1077248K
  class space    used 3586K, capacity 3758K, committed 3840K, reserved 1048576K
}
Event: 60.917 GC heap before
{Heap before GC invocations=11 (full 0):
 garbage-first heap   total 53248K, used 39488K [0x0000000701200000, 0x0000000800000000)
  region size 2048K, 15 young (30720K), 2 survivors (4096K)
 Metaspace       used 33022K, capacity 33402K, committed 33712K, reserved 1079296K
  class space    used 3872K, capacity 4016K, committed 4096K, reserved 1048576K
}
Event: 60.926 GC heap after
{Heap after GC invocations=12 (full 0):
 garbage-first heap   total 53248K, used 13835K [0x0000000701200000, 0x0000000800000000)
  region size 2048K, 2 young (4096K), 2 survivors (4096K)
 Metaspace       used 33022K, capacity 33402K, committed 33712K, reserved 1079296K
  class space    used 3872K, capacity 4016K, committed 4096K, reserved 1048576K
}
Event: 64.725 GC heap before
{Heap before GC invocations=12 (full 0):
 garbage-first heap   total 53248K, used 36363K [0x0000000701200000, 0x0000000800000000)
  region size 2048K, 14 young (28672K), 2 survivors (4096K)
 Metaspace       used 35124K, capacity 35531K, committed 35760K, reserved 1081344K
  class space    used 4180K, capacity 4352K, committed 4352K, reserved 1048576K
}
Event: 64.735 GC heap after
{Heap after GC invocations=13 (full 0):
 garbage-first heap   total 53248K, used 15198K [0x0000000701200000, 0x0000000800000000)
  region size 2048K, 2 young (4096K), 2 survivors (4096K)
 Metaspace       used 35124K, capacity 35531K, committed 35760K, reserved 1081344K
  class space    used 4180K, capacity 4352K, committed 4352K, reserved 1048576K
}
Event: 65.974 GC heap before
{Heap before GC invocations=13 (full 0):
 garbage-first heap   total 53248K, used 17246K [0x0000000701200000, 0x0000000800000000)
  region size 2048K, 4 young (8192K), 2 survivors (4096K)
 Metaspace       used 35397K, capacity 35799K, committed 35888K, reserved 1081344K
  class space    used 4246K, capacity 4420K, committed 4480K, reserved 1048576K
}
Event: 65.986 GC heap after
{Heap after GC invocations=14 (full 0):
 garbage-first heap   total 53248K, used 15874K [0x0000000701200000, 0x0000000800000000)
  region size 2048K, 2 young (4096K), 2 survivors (4096K)
 Metaspace       used 35397K, capacity 35799K, committed 35888K, reserved 1081344K
  class space    used 4246K, capacity 4420K, committed 4480K, reserved 1048576K
}

