# JRE version: OpenJDK Runtime Environment (15.0.2+7) (build 15.0.2+7-27)
# Java VM: OpenJDK 64-Bit Server VM (15.0.2+7-27, mixed mode, tiered, compressed oops, g1 gc, windows-amd64)
GC Precious Log:
 CPUs: 8 total, 8 available
 Memory: 16304M
 Large Page Support: Disabled
 NUMA Support: Disabled
 Compressed Oops: Enabled (Zero based)
 Heap Region Size: 2M
 Heap Min Capacity: 8M
 Heap Initial Capacity: 256M
 Heap Max Capacity: 4078M
 Pre-touch: Disabled
 Parallel Workers: 8
 Concurrent Workers: 2
 Concurrent Refinement Workers: 8
 Periodic GC: Disabled
Heap:
 garbage-first heap   total 55296K, used 9796K [0x0000000701200000, 0x0000000800000000)
  region size 2048K, 2 young (4096K), 2 survivors (4096K)
 Metaspace       used 24887K, capacity 25187K, committed 25340K, reserved 1081344K
  class space    used 2734K, capacity 2845K, committed 2892K, reserved 1048576K
GC Heap History (10 events):
Event: 17.149 GC heap before
{Heap before GC invocations=0 (full 0):
 garbage-first heap   total 262144K, used 20480K [0x0000000701200000, 0x0000000800000000)
  region size 2048K, 11 young (22528K), 0 survivors (0K)
 Metaspace       used 15006K, capacity 15255K, committed 15488K, reserved 1062912K
  class space    used 1490K, capacity 1555K, committed 1664K, reserved 1048576K
}
Event: 17.342 GC heap after
{Heap after GC invocations=1 (full 0):
 garbage-first heap   total 262144K, used 6516K [0x0000000701200000, 0x0000000800000000)
  region size 2048K, 2 young (4096K), 2 survivors (4096K)
 Metaspace       used 15006K, capacity 15255K, committed 15488K, reserved 1062912K
  class space    used 1490K, capacity 1555K, committed 1664K, reserved 1048576K
}
Event: 19.260 GC heap before
{Heap before GC invocations=1 (full 0):
 garbage-first heap   total 262144K, used 29044K [0x0000000701200000, 0x0000000800000000)
  region size 2048K, 13 young (26624K), 2 survivors (4096K)
 Metaspace       used 17733K, capacity 18002K, committed 18048K, reserved 1064960K
  class space    used 1825K, capacity 1904K, committed 1920K, reserved 1048576K
}
Event: 19.265 GC heap after
{Heap after GC invocations=2 (full 0):
 garbage-first heap   total 262144K, used 8112K [0x0000000701200000, 0x0000000800000000)
  region size 2048K, 1 young (2048K), 1 survivors (2048K)
 Metaspace       used 17733K, capacity 18002K, committed 18048K, reserved 1064960K
  class space    used 1825K, capacity 1904K, committed 1920K, reserved 1048576K
}
Event: 22.119 GC heap before
{Heap before GC invocations=2 (full 0):
 garbage-first heap   total 262144K, used 34736K [0x0000000701200000, 0x0000000800000000)
  region size 2048K, 15 young (30720K), 1 survivors (2048K)
 Metaspace       used 20902K, capacity 21182K, committed 21296K, reserved 1069056K
  class space    used 2271K, capacity 2386K, committed 2432K, reserved 1048576K
}
Event: 22.127 GC heap after
{Heap after GC invocations=3 (full 0):
 garbage-first heap   total 262144K, used 9059K [0x0000000701200000, 0x0000000800000000)
  region size 2048K, 2 young (4096K), 2 survivors (4096K)
 Metaspace       used 20902K, capacity 21182K, committed 21296K, reserved 1069056K
  class space    used 2271K, capacity 2386K, committed 2432K, reserved 1048576K
}
Event: 24.330 GC heap before
{Heap before GC invocations=4 (full 0):
 garbage-first heap   total 61440K, used 41827K [0x0000000701200000, 0x0000000800000000)
  region size 2048K, 18 young (36864K), 2 survivors (4096K)
 Metaspace       used 23764K, capacity 24099K, committed 24444K, reserved 1071104K
  class space    used 2603K, capacity 2717K, committed 2764K, reserved 1048576K
}
Event: 24.333 GC heap after
{Heap after GC invocations=5 (full 0):
 garbage-first heap   total 61440K, used 9726K [0x0000000701200000, 0x0000000800000000)
  region size 2048K, 2 young (4096K), 2 survivors (4096K)
 Metaspace       used 23764K, capacity 24099K, committed 24444K, reserved 1071104K
  class space    used 2603K, capacity 2717K, committed 2764K, reserved 1048576K
}
Event: 24.964 GC heap before
{Heap before GC invocations=6 (full 0):
 garbage-first heap   total 55296K, used 22014K [0x0000000701200000, 0x0000000800000000)
  region size 2048K, 9 young (18432K), 2 survivors (4096K)
 Metaspace       used 24887K, capacity 25187K, committed 25340K, reserved 1079296K
  class space    used 2734K, capacity 2845K, committed 2892K, reserved 1048576K
}
Event: 24.968 GC heap after
{Heap after GC invocations=7 (full 0):
 garbage-first heap   total 55296K, used 9796K [0x0000000701200000, 0x0000000800000000)
  region size 2048K, 2 young (4096K), 2 survivors (4096K)
 Metaspace       used 24887K, capacity 25187K, committed 25340K, reserved 1079296K
  class space    used 2734K, capacity 2845K, committed 2892K, reserved 1048576K
}

