# JRE version: OpenJDK Runtime Environment (15.0.2+7) (build 15.0.2+7-27)
# Java VM: OpenJDK 64-Bit Server VM (15.0.2+7-27, mixed mode, tiered, compressed oops, g1 gc, windows-amd64)
GC Precious Log:
 CPUs: 8 total, 8 available
 Memory: 16304M
 Large Page Support: Disabled
 NUMA Support: Disabled
 Compressed Oops: Enabled (Zero based)
 Heap Region Size: 2M
 Heap Min Capacity: 8M
 Heap Initial Capacity: 256M
 Heap Max Capacity: 4078M
 Pre-touch: Disabled
 Parallel Workers: 8
 Concurrent Workers: 2
 Concurrent Refinement Workers: 8
 Periodic GC: Disabled
Heap:
 garbage-first heap   total 51200K, used 47858K [0x0000000701200000, 0x0000000800000000)
  region size 2048K, 19 young (38912K), 0 survivors (0K)
 Metaspace       used 24330K, capacity 24707K, committed 25008K, reserved 1071104K
  class space    used 2645K, capacity 2749K, committed 2816K, reserved 1048576K
GC Heap History (7 events):
Event: 29.787 GC heap before
{Heap before GC invocations=0 (full 0):
 garbage-first heap   total 262144K, used 22528K [0x0000000701200000, 0x0000000800000000)
  region size 2048K, 11 young (22528K), 0 survivors (0K)
 Metaspace       used 14803K, capacity 15050K, committed 15104K, reserved 1062912K
  class space    used 1449K, capacity 1512K, committed 1536K, reserved 1048576K
}
Event: 29.987 GC heap after
{Heap after GC invocations=1 (full 0):
 garbage-first heap   total 262144K, used 7170K [0x0000000701200000, 0x0000000800000000)
  region size 2048K, 2 young (4096K), 2 survivors (4096K)
 Metaspace       used 14803K, capacity 15050K, committed 15104K, reserved 1062912K
  class space    used 1449K, capacity 1512K, committed 1536K, reserved 1048576K
}
Event: 32.845 GC heap before
{Heap before GC invocations=1 (full 0):
 garbage-first heap   total 262144K, used 25602K [0x0000000701200000, 0x0000000800000000)
  region size 2048K, 11 young (22528K), 2 survivors (4096K)
 Metaspace       used 17468K, capacity 17740K, committed 18048K, reserved 1064960K
  class space    used 1772K, capacity 1838K, committed 1920K, reserved 1048576K
}
Event: 32.849 GC heap after
{Heap after GC invocations=2 (full 0):
 garbage-first heap   total 262144K, used 8013K [0x0000000701200000, 0x0000000800000000)
  region size 2048K, 1 young (2048K), 1 survivors (2048K)
 Metaspace       used 17468K, capacity 17740K, committed 18048K, reserved 1064960K
  class space    used 1772K, capacity 1838K, committed 1920K, reserved 1048576K
}
Event: 35.525 GC heap before
{Heap before GC invocations=2 (full 0):
 garbage-first heap   total 262144K, used 36685K [0x0000000701200000, 0x0000000800000000)
  region size 2048K, 16 young (32768K), 1 survivors (2048K)
 Metaspace       used 20843K, capacity 21144K, committed 21296K, reserved 1069056K
  class space    used 2240K, capacity 2352K, committed 2432K, reserved 1048576K
}
Event: 35.572 GC heap after
{Heap after GC invocations=3 (full 0):
 garbage-first heap   total 262144K, used 8946K [0x0000000701200000, 0x0000000800000000)
  region size 2048K, 1 young (2048K), 1 survivors (2048K)
 Metaspace       used 20843K, capacity 21144K, committed 21296K, reserved 1069056K
  class space    used 2240K, capacity 2352K, committed 2432K, reserved 1048576K
}
Event: 37.934 GC heap before
{Heap before GC invocations=4 (full 0):
 garbage-first heap   total 49152K, used 45810K [0x0000000701200000, 0x0000000800000000)
  region size 2048K, 20 young (40960K), 1 survivors (2048K)
 Metaspace       used 24330K, capacity 24707K, committed 25008K, reserved 1071104K
  class space    used 2645K, capacity 2749K, committed 2816K, reserved 1048576K
}

