GC Precious Log:
 CPUs: 8 total, 8 available
 Memory: 16304M
 Large Page Support: Disabled
 NUMA Support: Disabled
 Compressed Oops: Enabled (Zero based)
 Heap Region Size: 2M
 Heap Min Capacity: 8M
 Heap Initial Capacity: 256M
 Heap Max Capacity: 4078M
 Pre-touch: Disabled
 Parallel Workers: 8
 Concurrent Workers: 2
 Concurrent Refinement Workers: 8
 Periodic GC: Disabled
Heap:
 garbage-first heap   total 157696K, used 61557K [0x0000000701200000, 0x0000000800000000)
  region size 2048K, 24 young (49152K), 2 survivors (4096K)
 Metaspace       used 52292K, capacity 52865K, committed 53120K, reserved 1095680K
  class space    used 6564K, capacity 6770K, committed 6784K, reserved 1048576K
GC Heap History (20 events):
Event: 8.190 GC heap before
{Heap before GC invocations=8 (full 0):
 garbage-first heap   total 53248K, used 36256K [0x0000000701200000, 0x0000000800000000)
  region size 2048K, 14 young (28672K), 1 survivors (2048K)
 Metaspace       used 27896K, capacity 28197K, committed 28416K, reserved 1075200K
  class space    used 3141K, capacity 3271K, committed 3328K, reserved 1048576K
}
Event: 8.192 GC heap after
{Heap after GC invocations=9 (full 0):
 garbage-first heap   total 53248K, used 11641K [0x0000000701200000, 0x0000000800000000)
  region size 2048K, 1 young (2048K), 1 survivors (2048K)
 Metaspace       used 27896K, capacity 28197K, committed 28416K, reserved 1075200K
  class space    used 3141K, capacity 3271K, committed 3328K, reserved 1048576K
}
Event: 8.493 GC heap before
{Heap before GC invocations=9 (full 0):
 garbage-first heap   total 53248K, used 38265K [0x0000000701200000, 0x0000000800000000)
  region size 2048K, 14 young (28672K), 1 survivors (2048K)
 Metaspace       used 29448K, capacity 29850K, committed 29952K, reserved 1075200K
  class space    used 3350K, capacity 3502K, committed 3584K, reserved 1048576K
}
Event: 8.496 GC heap after
{Heap after GC invocations=10 (full 0):
 garbage-first heap   total 53248K, used 12448K [0x0000000701200000, 0x0000000800000000)
  region size 2048K, 2 young (4096K), 2 survivors (4096K)
 Metaspace       used 29448K, capacity 29850K, committed 29952K, reserved 1075200K
  class space    used 3350K, capacity 3502K, committed 3584K, reserved 1048576K
}
Event: 8.890 GC heap before
{Heap before GC invocations=10 (full 0):
 garbage-first heap   total 53248K, used 39072K [0x0000000701200000, 0x0000000800000000)
  region size 2048K, 15 young (30720K), 2 survivors (4096K)
 Metaspace       used 30804K, capacity 31193K, committed 31360K, reserved 1077248K
  class space    used 3537K, capacity 3687K, committed 3712K, reserved 1048576K
}
Event: 8.894 GC heap after
{Heap after GC invocations=11 (full 0):
 garbage-first heap   total 53248K, used 12968K [0x0000000701200000, 0x0000000800000000)
  region size 2048K, 2 young (4096K), 2 survivors (4096K)
 Metaspace       used 30804K, capacity 31193K, committed 31360K, reserved 1077248K
  class space    used 3537K, capacity 3687K, committed 3712K, reserved 1048576K
}
Event: 9.480 GC heap before
{Heap before GC invocations=11 (full 0):
 garbage-first heap   total 53248K, used 39592K [0x0000000701200000, 0x0000000800000000)
  region size 2048K, 15 young (30720K), 2 survivors (4096K)
 Metaspace       used 32554K, capacity 32954K, committed 33152K, reserved 1079296K
  class space    used 3807K, capacity 3952K, committed 3968K, reserved 1048576K
}
Event: 9.488 GC heap after
{Heap after GC invocations=12 (full 0):
 garbage-first heap   total 53248K, used 14124K [0x0000000701200000, 0x0000000800000000)
  region size 2048K, 2 young (4096K), 2 survivors (4096K)
 Metaspace       used 32554K, capacity 32954K, committed 33152K, reserved 1079296K
  class space    used 3807K, capacity 3952K, committed 3968K, reserved 1048576K
}
Event: 9.961 GC heap before
{Heap before GC invocations=12 (full 0):
 garbage-first heap   total 53248K, used 38700K [0x0000000701200000, 0x0000000800000000)
  region size 2048K, 14 young (28672K), 2 survivors (4096K)
 Metaspace       used 34664K, capacity 35048K, committed 35328K, reserved 1081344K
  class space    used 4111K, capacity 4255K, committed 4352K, reserved 1048576K
}
Event: 9.971 GC heap after
{Heap after GC invocations=13 (full 0):
 garbage-first heap   total 53248K, used 15189K [0x0000000701200000, 0x0000000800000000)
  region size 2048K, 2 young (4096K), 2 survivors (4096K)
 Metaspace       used 34664K, capacity 35048K, committed 35328K, reserved 1081344K
  class space    used 4111K, capacity 4255K, committed 4352K, reserved 1048576K
}
Event: 10.843 GC heap before
{Heap before GC invocations=13 (full 0):
 garbage-first heap   total 53248K, used 17237K [0x0000000701200000, 0x0000000800000000)
  region size 2048K, 5 young (10240K), 2 survivors (4096K)
 Metaspace       used 35088K, capacity 35531K, committed 35584K, reserved 1081344K
  class space    used 4165K, capacity 4352K, committed 4352K, reserved 1048576K
}
Event: 10.853 GC heap after
{Heap after GC invocations=14 (full 0):
 garbage-first heap   total 53248K, used 15443K [0x0000000701200000, 0x0000000800000000)
  region size 2048K, 1 young (2048K), 1 survivors (2048K)
 Metaspace       used 35088K, capacity 35531K, committed 35584K, reserved 1081344K
  class space    used 4165K, capacity 4352K, committed 4352K, reserved 1048576K
}
Event: 11.373 GC heap before
{Heap before GC invocations=15 (full 0):
 garbage-first heap   total 53248K, used 40019K [0x0000000701200000, 0x0000000800000000)
  region size 2048K, 13 young (26624K), 1 survivors (2048K)
 Metaspace       used 37231K, capacity 37719K, committed 38016K, reserved 1083392K
  class space    used 4437K, capacity 4612K, committed 4736K, reserved 1048576K
}
Event: 11.382 GC heap after
{Heap after GC invocations=16 (full 0):
 garbage-first heap   total 53248K, used 16587K [0x0000000701200000, 0x0000000800000000)
  region size 2048K, 2 young (4096K), 2 survivors (4096K)
 Metaspace       used 37231K, capacity 37719K, committed 38016K, reserved 1083392K
  class space    used 4437K, capacity 4612K, committed 4736K, reserved 1048576K
}
Event: 11.404 GC heap before
{Heap before GC invocations=16 (full 0):
 garbage-first heap   total 53248K, used 37067K [0x0000000701200000, 0x0000000800000000)
  region size 2048K, 13 young (26624K), 2 survivors (4096K)
 Metaspace       used 37338K, capacity 37815K, committed 38016K, reserved 1083392K
  class space    used 4450K, capacity 4644K, committed 4736K, reserved 1048576K
}
Event: 11.410 GC heap after
{Heap after GC invocations=17 (full 0):
 garbage-first heap   total 53248K, used 16815K [0x0000000701200000, 0x0000000800000000)
  region size 2048K, 1 young (2048K), 1 survivors (2048K)
 Metaspace       used 37338K, capacity 37815K, committed 38016K, reserved 1083392K
  class space    used 4450K, capacity 4644K, committed 4736K, reserved 1048576K
}
Event: 11.499 GC heap before
{Heap before GC invocations=17 (full 0):
 garbage-first heap   total 53248K, used 37295K [0x0000000701200000, 0x0000000800000000)
  region size 2048K, 12 young (24576K), 1 survivors (2048K)
 Metaspace       used 37648K, capacity 38135K, committed 38272K, reserved 1083392K
  class space    used 4484K, capacity 4644K, committed 4736K, reserved 1048576K
}
Event: 11.504 GC heap after
{Heap after GC invocations=18 (full 0):
 garbage-first heap   total 157696K, used 16638K [0x0000000701200000, 0x0000000800000000)
  region size 2048K, 1 young (2048K), 1 survivors (2048K)
 Metaspace       used 37648K, capacity 38135K, committed 38272K, reserved 1083392K
  class space    used 4484K, capacity 4644K, committed 4736K, reserved 1048576K
}
Event: 13.207 GC heap before
{Heap before GC invocations=18 (full 0):
 garbage-first heap   total 157696K, used 108798K [0x0000000701200000, 0x0000000800000000)
  region size 2048K, 46 young (94208K), 1 survivors (2048K)
 Metaspace       used 47158K, capacity 47614K, committed 47744K, reserved 1091584K
  class space    used 5816K, capacity 5966K, committed 6016K, reserved 1048576K
}
Event: 13.218 GC heap after
{Heap after GC invocations=19 (full 0):
 garbage-first heap   total 157696K, used 18549K [0x0000000701200000, 0x0000000800000000)
  region size 2048K, 2 young (4096K), 2 survivors (4096K)
 Metaspace       used 47158K, capacity 47614K, committed 47744K, reserved 1091584K
  class space    used 5816K, capacity 5966K, committed 6016K, reserved 1048576K
}

