# JRE version: OpenJDK Runtime Environment (15.0.2+7) (build 15.0.2+7-27)
# Java VM: OpenJDK 64-Bit Server VM (15.0.2+7-27, mixed mode, tiered, compressed oops, g1 gc, windows-amd64)
GC Precious Log:
 CPUs: 8 total, 8 available
 Memory: 16304M
 Large Page Support: Disabled
 NUMA Support: Disabled
 Compressed Oops: Enabled (Zero based)
 Heap Region Size: 2M
 Heap Min Capacity: 8M
 Heap Initial Capacity: 256M
 Heap Max Capacity: 4078M
 Pre-touch: Disabled
 Parallel Workers: 8
 Concurrent Workers: 2
 Concurrent Refinement Workers: 8
 Periodic GC: Disabled
Heap:
 garbage-first heap   total 55296K, used 18347K [0x0000000701200000, 0x0000000800000000)
  region size 2048K, 2 young (4096K), 2 survivors (4096K)
 Metaspace       used 40134K, capacity 40515K, committed 40576K, reserved 1093632K
  class space    used 4815K, capacity 4968K, committed 4992K, reserved 1048576K
GC Heap History (20 events):
Event: 8.348 GC heap before
{Heap before GC invocations=8 (full 0):
 garbage-first heap   total 55296K, used 38607K [0x0000000701200000, 0x0000000800000000)
  region size 2048K, 15 young (30720K), 1 survivors (2048K)
 Metaspace       used 27762K, capacity 28067K, committed 28416K, reserved 1075200K
  class space    used 3099K, capacity 3205K, committed 3328K, reserved 1048576K
}
Event: 8.350 GC heap after
{Heap after GC invocations=9 (full 0):
 garbage-first heap   total 55296K, used 12230K [0x0000000701200000, 0x0000000800000000)
  region size 2048K, 2 young (4096K), 2 survivors (4096K)
 Metaspace       used 27762K, capacity 28067K, committed 28416K, reserved 1075200K
  class space    used 3099K, capacity 3205K, committed 3328K, reserved 1048576K
}
Event: 8.691 GC heap before
{Heap before GC invocations=9 (full 0):
 garbage-first heap   total 55296K, used 38854K [0x0000000701200000, 0x0000000800000000)
  region size 2048K, 15 young (30720K), 2 survivors (4096K)
 Metaspace       used 29347K, capacity 29745K, committed 29952K, reserved 1075200K
  class space    used 3336K, capacity 3509K, committed 3584K, reserved 1048576K
}
Event: 8.694 GC heap after
{Heap after GC invocations=10 (full 0):
 garbage-first heap   total 55296K, used 13036K [0x0000000701200000, 0x0000000800000000)
  region size 2048K, 2 young (4096K), 2 survivors (4096K)
 Metaspace       used 29347K, capacity 29745K, committed 29952K, reserved 1075200K
  class space    used 3336K, capacity 3509K, committed 3584K, reserved 1048576K
}
Event: 9.152 GC heap before
{Heap before GC invocations=10 (full 0):
 garbage-first heap   total 55296K, used 41708K [0x0000000701200000, 0x0000000800000000)
  region size 2048K, 16 young (32768K), 2 survivors (4096K)
 Metaspace       used 30978K, capacity 31353K, committed 31488K, reserved 1077248K
  class space    used 3555K, capacity 3719K, committed 3840K, reserved 1048576K
}
Event: 9.158 GC heap after
{Heap after GC invocations=11 (full 0):
 garbage-first heap   total 55296K, used 13529K [0x0000000701200000, 0x0000000800000000)
  region size 2048K, 2 young (4096K), 2 survivors (4096K)
 Metaspace       used 30978K, capacity 31353K, committed 31488K, reserved 1077248K
  class space    used 3555K, capacity 3719K, committed 3840K, reserved 1048576K
}
Event: 9.728 GC heap before
{Heap before GC invocations=11 (full 0):
 garbage-first heap   total 55296K, used 40153K [0x0000000701200000, 0x0000000800000000)
  region size 2048K, 15 young (30720K), 2 survivors (4096K)
 Metaspace       used 32766K, capacity 33210K, committed 33536K, reserved 1079296K
  class space    used 3840K, capacity 4016K, committed 4096K, reserved 1048576K
}
Event: 9.735 GC heap after
{Heap after GC invocations=12 (full 0):
 garbage-first heap   total 55296K, used 14467K [0x0000000701200000, 0x0000000800000000)
  region size 2048K, 2 young (4096K), 2 survivors (4096K)
 Metaspace       used 32766K, capacity 33210K, committed 33536K, reserved 1079296K
  class space    used 3840K, capacity 4016K, committed 4096K, reserved 1048576K
}
Event: 13.310 GC heap before
{Heap before GC invocations=12 (full 0):
 garbage-first heap   total 55296K, used 39043K [0x0000000701200000, 0x0000000800000000)
  region size 2048K, 15 young (30720K), 2 survivors (4096K)
 Metaspace       used 35109K, capacity 35531K, committed 35584K, reserved 1081344K
  class space    used 4171K, capacity 4352K, committed 4352K, reserved 1048576K
}
Event: 13.320 GC heap after
{Heap after GC invocations=13 (full 0):
 garbage-first heap   total 55296K, used 16018K [0x0000000701200000, 0x0000000800000000)
  region size 2048K, 2 young (4096K), 2 survivors (4096K)
 Metaspace       used 35109K, capacity 35531K, committed 35584K, reserved 1081344K
  class space    used 4171K, capacity 4352K, committed 4352K, reserved 1048576K
}
Event: 13.328 GC heap before
{Heap before GC invocations=13 (full 0):
 garbage-first heap   total 55296K, used 16018K [0x0000000701200000, 0x0000000800000000)
  region size 2048K, 3 young (6144K), 2 survivors (4096K)
 Metaspace       used 35156K, capacity 35531K, committed 35584K, reserved 1081344K
  class space    used 4179K, capacity 4352K, committed 4352K, reserved 1048576K
}
Event: 13.337 GC heap after
{Heap after GC invocations=14 (full 0):
 garbage-first heap   total 55296K, used 16099K [0x0000000701200000, 0x0000000800000000)
  region size 2048K, 1 young (2048K), 1 survivors (2048K)
 Metaspace       used 35156K, capacity 35531K, committed 35584K, reserved 1081344K
  class space    used 4179K, capacity 4352K, committed 4352K, reserved 1048576K
}
Event: 13.904 GC heap before
{Heap before GC invocations=15 (full 0):
 garbage-first heap   total 55296K, used 42723K [0x0000000701200000, 0x0000000800000000)
  region size 2048K, 14 young (28672K), 1 survivors (2048K)
 Metaspace       used 37342K, capacity 37879K, committed 38016K, reserved 1083392K
  class space    used 4448K, capacity 4644K, committed 4736K, reserved 1048576K
}
Event: 13.912 GC heap after
{Heap after GC invocations=16 (full 0):
 garbage-first heap   total 55296K, used 17294K [0x0000000701200000, 0x0000000800000000)
  region size 2048K, 2 young (4096K), 2 survivors (4096K)
 Metaspace       used 37342K, capacity 37879K, committed 38016K, reserved 1083392K
  class space    used 4448K, capacity 4644K, committed 4736K, reserved 1048576K
}
Event: 13.916 GC heap before
{Heap before GC invocations=16 (full 0):
 garbage-first heap   total 55296K, used 39822K [0x0000000701200000, 0x0000000800000000)
  region size 2048K, 14 young (28672K), 2 survivors (4096K)
 Metaspace       used 37342K, capacity 37879K, committed 38016K, reserved 1083392K
  class space    used 4448K, capacity 4644K, committed 4736K, reserved 1048576K
}
Event: 13.923 GC heap after
{Heap after GC invocations=17 (full 0):
 garbage-first heap   total 55296K, used 17395K [0x0000000701200000, 0x0000000800000000)
  region size 2048K, 1 young (2048K), 1 survivors (2048K)
 Metaspace       used 37342K, capacity 37879K, committed 38016K, reserved 1083392K
  class space    used 4448K, capacity 4644K, committed 4736K, reserved 1048576K
}
Event: 14.495 GC heap before
{Heap before GC invocations=17 (full 0):
 garbage-first heap   total 55296K, used 39923K [0x0000000701200000, 0x0000000800000000)
  region size 2048K, 13 young (26624K), 1 survivors (2048K)
 Metaspace       used 38229K, capacity 38746K, committed 38912K, reserved 1083392K
  class space    used 4562K, capacity 4741K, committed 4864K, reserved 1048576K
}
Event: 14.775 GC heap after
{Heap after GC invocations=18 (full 0):
 garbage-first heap   total 55296K, used 17509K [0x0000000701200000, 0x0000000800000000)
  region size 2048K, 1 young (2048K), 1 survivors (2048K)
 Metaspace       used 38229K, capacity 38746K, committed 38912K, reserved 1083392K
  class space    used 4562K, capacity 4741K, committed 4864K, reserved 1048576K
}
Event: 15.060 GC heap before
{Heap before GC invocations=18 (full 0):
 garbage-first heap   total 55296K, used 35941K [0x0000000701200000, 0x0000000800000000)
  region size 2048K, 12 young (24576K), 1 survivors (2048K)
 Metaspace       used 40134K, capacity 40515K, committed 40576K, reserved 1091584K
  class space    used 4815K, capacity 4968K, committed 4992K, reserved 1048576K
}
Event: 15.063 GC heap after
{Heap after GC invocations=19 (full 0):
 garbage-first heap   total 55296K, used 18347K [0x0000000701200000, 0x0000000800000000)
  region size 2048K, 2 young (4096K), 2 survivors (4096K)
 Metaspace       used 40134K, capacity 40515K, committed 40576K, reserved 1091584K
  class space    used 4815K, capacity 4968K, committed 4992K, reserved 1048576K
}

